<?xml version="1.0" encoding="UTF-8"?>
<testsuite xmlns:xsi="http://www.w3.org/2001/XMLSchema-instance" xsi:noNamespaceSchemaLocation="https://maven.apache.org/surefire/maven-surefire-plugin/xsd/surefire-test-report-3.0.xsd" version="3.0" name="runner.TestRunner" time="20.413" tests="4" errors="0" skipped="0" failures="0">
  <properties>
[...]
</properties>
  <testcase name="[1:6] Get All Products from catalog" classname="features/rest/getProducts" time="10.46">
    <system-err><![CDATA[SLF4J: Failed to load class "org.slf4j.impl.StaticLoggerBinder".
SLF4J: Defaulting to no-operation (NOP) logger implementation
SLF4J: See http://www.slf4j.org/codes.html#StaticLoggerBinder for further details.
]]></system-err>
  </testcase>
  <testcase name="[2:15] Get Customer details via email as param" classname="features/rest/getProducts" time="0.536"/>
  <testcase name="[3:24] Get catalog details by productId" classname="features/rest/getProducts" time="0.389"/>
  <testcase name="[4:31] Get search results by Query" classname="features/rest/getProducts" time="4.695">
    <system-out><![CDATA[---------------------------------------------------------
feature: classpath:features/rest/getProducts.feature
scenarios:  4 | passed:  4 | failed:  0 | time: 5.5222
---------------------------------------------------------

Karate version: 1.4.1
======================================================
elapsed:  18.82 | threads:    1 | thread time: 5.52 
features:     1 | skipped:    0 | efficiency: 0.29
scenarios:    4 | passed:     4 | failed: 0
======================================================

HTML report: (paste into browser to view) | Karate version: 1.4.1
file:///F:/BroadLeaf_Ecommerce/karate-broadleaf-demo/target/karate-reports/karate-summary.html
===================================================================

]]></system-out>
  </testcase>
</testsuite>